<?xml version="1.0" encoding="UTF-8"?>
<!-- Generated by org.testng.reporters.JUnitReportReporter -->
<testsuite hostname="DESKTOP-AV18BDP" failures="0" tests="1" name="com.banking.testcases.Tc_login01" time="5.008" errors="0" timestamp="2023-09-01T11:53:46 IST" skipped="0">
  <testcase classname="com.banking.testcases.Tc_login01" name="applogin" time="5.008"/>
  <system-out/>
</testsuite> <!-- com.banking.testcases.Tc_login01 -->
